This is pdfTeX, Version 3.141592653-2.6-1.40.22 (TeX Live 2022/dev/Debian) (preloaded format=pdflatex 2026.2.4)  21 JUN 2026 19:42
entering extended mode
 restricted \write18 enabled.
 %&-line parsing enabled.
**NUR_B_handin.tex
(./NUR_B_handin.tex
LaTeX2e <2021-11-15> patch level 1
L3 programming layer <2022-01-21> (/usr/share/texlive/texmf-dist/tex/latex/base
/article.cls
Document Class: article 2021/10/04 v1.4n Standard LaTeX document class
(/usr/share/texlive/texmf-dist/tex/latex/base/size10.clo
File: size10.clo 2021/10/04 v1.4n Standard LaTeX file (size option)
)
\c@part=\count185
\c@section=\count186
\c@subsection=\count187
\c@subsubsection=\count188
\c@paragraph=\count189
\c@subparagraph=\count190
\c@figure=\count191
\c@table=\count192
\abovecaptionskip=\skip47
\belowcaptionskip=\skip48
\bibindent=\dimen138
) (/usr/share/texlive/texmf-dist/tex/latex/geometry/geometry.sty
Package: geometry 2020/01/02 v5.9 Page Geometry
(/usr/share/texlive/texmf-dist/tex/latex/graphics/keyval.sty
Package: keyval 2014/10/28 v1.15 key=value parser (DPC)
\KV@toks@=\toks16
) (/usr/share/texlive/texmf-dist/tex/generic/iftex/ifvtex.sty
Package: ifvtex 2019/10/25 v1.7 ifvtex legacy package. Use iftex instead.
(/usr/share/texlive/texmf-dist/tex/generic/iftex/iftex.sty
Package: iftex 2020/03/06 v1.0d TeX engine tests
))
\Gm@cnth=\count193
\Gm@cntv=\count194
\c@Gm@tempcnt=\count195
\Gm@bindingoffset=\dimen139
\Gm@wd@mp=\dimen140
\Gm@odd@mp=\dimen141
\Gm@even@mp=\dimen142
\Gm@layoutwidth=\dimen143
\Gm@layoutheight=\dimen144
\Gm@layouthoffset=\dimen145
\Gm@layoutvoffset=\dimen146
\Gm@dimlist=\toks17
) (/usr/share/texlive/texmf-dist/tex/generic/babel/babel.sty
Package: babel 2022/01/26 3.70 The Babel package
\babel@savecnt=\count196
\U@D=\dimen147
\l@unhyphenated=\language3
(/usr/share/texlive/texmf-dist/tex/generic/babel/txtbabel.def)
\bbl@readstream=\read2
\bbl@dirlevel=\count197
(/usr/share/texlive/texmf-dist/tex/generic/babel-english/english.ldf
Language: english 2017/06/06 v3.3r English support from the babel system
Package babel Info: Hyphen rules for 'british' set to \l@english
(babel)             (\language0). Reported on input line 82.
Package babel Info: Hyphen rules for 'UKenglish' set to \l@english
(babel)             (\language0). Reported on input line 83.
Package babel Info: Hyphen rules for 'canadian' set to \l@english
(babel)             (\language0). Reported on input line 102.
Package babel Info: Hyphen rules for 'australian' set to \l@english
(babel)             (\language0). Reported on input line 105.
Package babel Info: Hyphen rules for 'newzealand' set to \l@english
(babel)             (\language0). Reported on input line 108.
)) (/usr/share/texlive/texmf-dist/tex/latex/parskip/parskip.sty
Package: parskip 2021-03-14 v2.0h non-zero parskip adjustments
(/usr/share/texlive/texmf-dist/tex/latex/kvoptions/kvoptions.sty
Package: kvoptions 2020-10-07 v3.14 Key value format for package options (HO)
(/usr/share/texlive/texmf-dist/tex/generic/ltxcmds/ltxcmds.sty
Package: ltxcmds 2020-05-10 v1.25 LaTeX kernel commands for general use (HO)
) (/usr/share/texlive/texmf-dist/tex/generic/kvsetkeys/kvsetkeys.sty
Package: kvsetkeys 2019/12/15 v1.18 Key value parser (HO)
)) (/usr/share/texlive/texmf-dist/tex/latex/etoolbox/etoolbox.sty
Package: etoolbox 2020/10/05 v2.5k e-TeX tools for LaTeX (JAW)
\etb@tempcnta=\count198
)) (/usr/share/texlive/texmf-dist/tex/latex/amsmath/amsmath.sty
Package: amsmath 2021/10/15 v2.17l AMS math features
\@mathmargin=\skip49
For additional information on amsmath, use the `?' option.
(/usr/share/texlive/texmf-dist/tex/latex/amsmath/amstext.sty
Package: amstext 2021/08/26 v2.01 AMS text
(/usr/share/texlive/texmf-dist/tex/latex/amsmath/amsgen.sty
File: amsgen.sty 1999/11/30 v2.0 generic functions
\@emptytoks=\toks18
\ex@=\dimen148
)) (/usr/share/texlive/texmf-dist/tex/latex/amsmath/amsbsy.sty
Package: amsbsy 1999/11/29 v1.2d Bold Symbols
\pmbraise@=\dimen149
) (/usr/share/texlive/texmf-dist/tex/latex/amsmath/amsopn.sty
Package: amsopn 2021/08/26 v2.02 operator names
)
\inf@bad=\count199
LaTeX Info: Redefining \frac on input line 234.
\uproot@=\count266
\leftroot@=\count267
LaTeX Info: Redefining \overline on input line 399.
\classnum@=\count268
\DOTSCASE@=\count269
LaTeX Info: Redefining \ldots on input line 496.
LaTeX Info: Redefining \dots on input line 499.
LaTeX Info: Redefining \cdots on input line 620.
\Mathstrutbox@=\box50
\strutbox@=\box51
\big@size=\dimen150
LaTeX Font Info:    Redeclaring font encoding OML on input line 743.
LaTeX Font Info:    Redeclaring font encoding OMS on input line 744.
\macc@depth=\count270
\c@MaxMatrixCols=\count271
\dotsspace@=\muskip16
\c@parentequation=\count272
\dspbrk@lvl=\count273
\tag@help=\toks19
\row@=\count274
\column@=\count275
\maxfields@=\count276
\andhelp@=\toks20
\eqnshift@=\dimen151
\alignsep@=\dimen152
\tagshift@=\dimen153
\tagwidth@=\dimen154
\totwidth@=\dimen155
\lineht@=\dimen156
\@envbody=\toks21
\multlinegap=\skip50
\multlinetaggap=\skip51
\mathdisplay@stack=\toks22
LaTeX Info: Redefining \[ on input line 2938.
LaTeX Info: Redefining \] on input line 2939.
) (/usr/share/texlive/texmf-dist/tex/latex/amsfonts/amssymb.sty
Package: amssymb 2013/01/14 v3.01 AMS font symbols
(/usr/share/texlive/texmf-dist/tex/latex/amsfonts/amsfonts.sty
Package: amsfonts 2013/01/14 v3.01 Basic AMSFonts support
\symAMSa=\mathgroup4
\symAMSb=\mathgroup5
LaTeX Font Info:    Redeclaring math symbol \hbar on input line 98.
LaTeX Font Info:    Overwriting math alphabet `\mathfrak' in version `bold'
(Font)                  U/euf/m/n --> U/euf/b/n on input line 106.
)) (/usr/share/texlive/texmf-dist/tex/latex/graphics/graphicx.sty
Package: graphicx 2021/09/16 v1.2d Enhanced LaTeX Graphics (DPC,SPQR)
(/usr/share/texlive/texmf-dist/tex/latex/graphics/graphics.sty
Package: graphics 2021/03/04 v1.4d Standard LaTeX Graphics (DPC,SPQR)
(/usr/share/texlive/texmf-dist/tex/latex/graphics/trig.sty
Package: trig 2021/08/11 v1.11 sin cos tan (DPC)
) (/usr/share/texlive/texmf-dist/tex/latex/graphics-cfg/graphics.cfg
File: graphics.cfg 2016/06/04 v1.11 sample graphics configuration
)
Package graphics Info: Driver file: pdftex.def on input line 107.
(/usr/share/texlive/texmf-dist/tex/latex/graphics-def/pdftex.def
File: pdftex.def 2020/10/05 v1.2a Graphics/color driver for pdftex
))
\Gin@req@height=\dimen157
\Gin@req@width=\dimen158
) (/usr/share/texlive/texmf-dist/tex/latex/caption/subcaption.sty
Package: subcaption 2020/10/07 v1.3j Sub-captions (AR)
(/usr/share/texlive/texmf-dist/tex/latex/caption/caption.sty
Package: caption 2020/10/26 v3.5g Customizing captions (AR)
(/usr/share/texlive/texmf-dist/tex/latex/caption/caption3.sty
Package: caption3 2020/10/21 v2.2e caption3 kernel (AR)
\captionmargin=\dimen159
\captionmargin@=\dimen160
\captionwidth=\dimen161
\caption@tempdima=\dimen162
\caption@indent=\dimen163
\caption@parindent=\dimen164
\caption@hangindent=\dimen165
Package caption Info: Standard document class detected.
)
\c@caption@flags=\count277
\c@continuedfloat=\count278
)
\c@subfigure=\count279
\c@subtable=\count280
) (/usr/share/texlive/texmf-dist/tex/latex/float/float.sty
Package: float 2001/11/08 v1.3d Float enhancements (AL)
\c@float@type=\count281
\float@exts=\toks23
\float@box=\box52
\@float@everytoks=\toks24
\@floatcapt=\box53
) (/usr/share/texlive/texmf-dist/tex/latex/hyperref/hyperref.sty
Package: hyperref 2021-06-07 v7.00m Hypertext links for LaTeX
(/usr/share/texlive/texmf-dist/tex/generic/pdftexcmds/pdftexcmds.sty
Package: pdftexcmds 2020-06-27 v0.33 Utility functions of pdfTeX for LuaTeX (HO
)
(/usr/share/texlive/texmf-dist/tex/generic/infwarerr/infwarerr.sty
Package: infwarerr 2019/12/03 v1.5 Providing info/warning/error messages (HO)
)
Package pdftexcmds Info: \pdf@primitive is available.
Package pdftexcmds Info: \pdf@ifprimitive is available.
Package pdftexcmds Info: \pdfdraftmode found.
) (/usr/share/texlive/texmf-dist/tex/generic/kvdefinekeys/kvdefinekeys.sty
Package: kvdefinekeys 2019-12-19 v1.6 Define keys (HO)
) (/usr/share/texlive/texmf-dist/tex/generic/pdfescape/pdfescape.sty
Package: pdfescape 2019/12/09 v1.15 Implements pdfTeX's escape features (HO)
) (/usr/share/texlive/texmf-dist/tex/latex/hycolor/hycolor.sty
Package: hycolor 2020-01-27 v1.10 Color options for hyperref/bookmark (HO)
) (/usr/share/texlive/texmf-dist/tex/latex/letltxmacro/letltxmacro.sty
Package: letltxmacro 2019/12/03 v1.6 Let assignment for LaTeX macros (HO)
) (/usr/share/texlive/texmf-dist/tex/latex/auxhook/auxhook.sty
Package: auxhook 2019-12-17 v1.6 Hooks for auxiliary files (HO)
)
\@linkdim=\dimen166
\Hy@linkcounter=\count282
\Hy@pagecounter=\count283
(/usr/share/texlive/texmf-dist/tex/latex/hyperref/pd1enc.def
File: pd1enc.def 2021-06-07 v7.00m Hyperref: PDFDocEncoding definition (HO)
Now handling font encoding PD1 ...
... no UTF-8 mapping file for font encoding PD1
) (/usr/share/texlive/texmf-dist/tex/latex/hyperref/hyperref-langpatches.def
File: hyperref-langpatches.def 2021-06-07 v7.00m Hyperref: patches for babel la
nguages
) (/usr/share/texlive/texmf-dist/tex/generic/intcalc/intcalc.sty
Package: intcalc 2019/12/15 v1.3 Expandable calculations with integers (HO)
) (/usr/share/texlive/texmf-dist/tex/generic/etexcmds/etexcmds.sty
Package: etexcmds 2019/12/15 v1.7 Avoid name clashes with e-TeX commands (HO)
)
\Hy@SavedSpaceFactor=\count284
(/usr/share/texlive/texmf-dist/tex/latex/hyperref/puenc.def
File: puenc.def 2021-06-07 v7.00m Hyperref: PDF Unicode definition (HO)
Now handling font encoding PU ...
... no UTF-8 mapping file for font encoding PU
)
Package hyperref Info: Hyper figures OFF on input line 4192.
Package hyperref Info: Link nesting OFF on input line 4197.
Package hyperref Info: Hyper index ON on input line 4200.
Package hyperref Info: Plain pages OFF on input line 4207.
Package hyperref Info: Backreferencing OFF on input line 4212.
Package hyperref Info: Implicit mode ON; LaTeX internals redefined.
Package hyperref Info: Bookmarks ON on input line 4445.
\c@Hy@tempcnt=\count285
(/usr/share/texlive/texmf-dist/tex/latex/url/url.sty
\Urlmuskip=\muskip17
Package: url 2013/09/16  ver 3.4  Verb mode for urls, etc.
)
LaTeX Info: Redefining \url on input line 4804.
\XeTeXLinkMargin=\dimen167
(/usr/share/texlive/texmf-dist/tex/generic/bitset/bitset.sty
Package: bitset 2019/12/09 v1.3 Handle bit-vector datatype (HO)
(/usr/share/texlive/texmf-dist/tex/generic/bigintcalc/bigintcalc.sty
Package: bigintcalc 2019/12/15 v1.5 Expandable calculations on big integers (HO
)
))
\Fld@menulength=\count286
\Field@Width=\dimen168
\Fld@charsize=\dimen169
Package hyperref Info: Hyper figures OFF on input line 6076.
Package hyperref Info: Link nesting OFF on input line 6081.
Package hyperref Info: Hyper index ON on input line 6084.
Package hyperref Info: backreferencing OFF on input line 6091.
Package hyperref Info: Link coloring OFF on input line 6096.
Package hyperref Info: Link coloring with OCG OFF on input line 6101.
Package hyperref Info: PDF/A mode OFF on input line 6106.
LaTeX Info: Redefining \ref on input line 6146.
LaTeX Info: Redefining \pageref on input line 6150.
(/usr/share/texlive/texmf-dist/tex/latex/base/atbegshi-ltx.sty
Package: atbegshi-ltx 2021/01/10 v1.0c Emulation of the original atbegshi
package with kernel methods
)
\Hy@abspage=\count287
\c@Item=\count288
\c@Hfootnote=\count289
)
Package hyperref Info: Driver (autodetected): hpdftex.
(/usr/share/texlive/texmf-dist/tex/latex/hyperref/hpdftex.def
File: hpdftex.def 2021-06-07 v7.00m Hyperref driver for pdfTeX
(/usr/share/texlive/texmf-dist/tex/latex/base/atveryend-ltx.sty
Package: atveryend-ltx 2020/08/19 v1.0a Emulation of the original atveryend pac
kage
with kernel methods
)
\Fld@listcount=\count290
\c@bookmark@seq@number=\count291
(/usr/share/texlive/texmf-dist/tex/latex/rerunfilecheck/rerunfilecheck.sty
Package: rerunfilecheck 2019/12/05 v1.9 Rerun checks for auxiliary files (HO)
(/usr/share/texlive/texmf-dist/tex/generic/uniquecounter/uniquecounter.sty
Package: uniquecounter 2019/12/15 v1.4 Provide unlimited unique counter (HO)
)
Package uniquecounter Info: New unique counter `rerunfilecheck' on input line 2
86.
)
\Hy@SectionHShift=\skip52
) (/usr/share/texlive/texmf-dist/tex/latex/listings/listings.sty
\lst@mode=\count292
\lst@gtempboxa=\box54
\lst@token=\toks25
\lst@length=\count293
\lst@currlwidth=\dimen170
\lst@column=\count294
\lst@pos=\count295
\lst@lostspace=\dimen171
\lst@width=\dimen172
\lst@newlines=\count296
\lst@lineno=\count297
\lst@maxwidth=\dimen173
(/usr/share/texlive/texmf-dist/tex/latex/listings/lstmisc.sty
File: lstmisc.sty 2020/03/24 1.8d (Carsten Heinz)
\c@lstnumber=\count298
\lst@skipnumbers=\count299
\lst@framebox=\box55
) (/usr/share/texlive/texmf-dist/tex/latex/listings/listings.cfg
File: listings.cfg 2020/03/24 1.8d listings configuration
))
Package: listings 2020/03/24 1.8d (Carsten Heinz)
(/usr/share/texlive/texmf-dist/tex/latex/xcolor/xcolor.sty
Package: xcolor 2021/10/31 v2.13 LaTeX color extensions (UK)
(/usr/share/texlive/texmf-dist/tex/latex/graphics-cfg/color.cfg
File: color.cfg 2016/01/02 v1.6 sample color configuration
)
Package xcolor Info: Driver file: pdftex.def on input line 227.
Package xcolor Info: Model `cmy' substituted by `cmy0' on input line 1352.
Package xcolor Info: Model `hsb' substituted by `rgb' on input line 1356.
Package xcolor Info: Model `RGB' extended on input line 1368.
Package xcolor Info: Model `HTML' substituted by `rgb' on input line 1370.
Package xcolor Info: Model `Hsb' substituted by `hsb' on input line 1371.
Package xcolor Info: Model `tHsb' substituted by `hsb' on input line 1372.
Package xcolor Info: Model `HSB' substituted by `hsb' on input line 1373.
Package xcolor Info: Model `Gray' substituted by `gray' on input line 1374.
Package xcolor Info: Model `wave' substituted by `hsb' on input line 1375.
) (/usr/share/texlive/texmf-dist/tex/latex/l3backend/l3backend-pdftex.def
File: l3backend-pdftex.def 2022-01-12 L3 backend support: PDF output (pdfTeX)
\l__color_backend_stack_int=\count300
\l__pdf_internal_box=\box56
) (./NUR_B_handin.aux)
\openout1 = `NUR_B_handin.aux'.

LaTeX Font Info:    Checking defaults for OML/cmm/m/it on input line 44.
LaTeX Font Info:    ... okay on input line 44.
LaTeX Font Info:    Checking defaults for OMS/cmsy/m/n on input line 44.
LaTeX Font Info:    ... okay on input line 44.
LaTeX Font Info:    Checking defaults for OT1/cmr/m/n on input line 44.
LaTeX Font Info:    ... okay on input line 44.
LaTeX Font Info:    Checking defaults for T1/cmr/m/n on input line 44.
LaTeX Font Info:    ... okay on input line 44.
LaTeX Font Info:    Checking defaults for TS1/cmr/m/n on input line 44.
LaTeX Font Info:    ... okay on input line 44.
LaTeX Font Info:    Checking defaults for OMX/cmex/m/n on input line 44.
LaTeX Font Info:    ... okay on input line 44.
LaTeX Font Info:    Checking defaults for U/cmr/m/n on input line 44.
LaTeX Font Info:    ... okay on input line 44.
LaTeX Font Info:    Checking defaults for PD1/pdf/m/n on input line 44.
LaTeX Font Info:    ... okay on input line 44.
LaTeX Font Info:    Checking defaults for PU/pdf/m/n on input line 44.
LaTeX Font Info:    ... okay on input line 44.
*geometry* driver: auto-detecting
*geometry* detected driver: pdftex
*geometry* verbose mode - [ preamble ] result:
* driver: pdftex
* paper: a4paper
* layout: <same size as paper>
* layoutoffset:(h,v)=(0.0pt,0.0pt)
* modes: 
* h-part:(L,W,R)=(89.62709pt, 418.25368pt, 89.6271pt)
* v-part:(T,H,B)=(101.40665pt, 591.5302pt, 152.11pt)
* \paperwidth=597.50787pt
* \paperheight=845.04684pt
* \textwidth=418.25368pt
* \textheight=591.5302pt
* \oddsidemargin=17.3571pt
* \evensidemargin=17.3571pt
* \topmargin=-7.86334pt
* \headheight=12.0pt
* \headsep=25.0pt
* \topskip=10.0pt
* \footskip=30.0pt
* \marginparwidth=65.0pt
* \marginparsep=11.0pt
* \columnsep=10.0pt
* \skip\footins=9.0pt plus 4.0pt minus 2.0pt
* \hoffset=0.0pt
* \voffset=0.0pt
* \mag=1000
* \@twocolumnfalse
* \@twosidefalse
* \@mparswitchfalse
* \@reversemarginfalse
* (1in=72.27pt=25.4mm, 1cm=28.453pt)

(/usr/share/texlive/texmf-dist/tex/context/base/mkii/supp-pdf.mkii
[Loading MPS to PDF converter (version 2006.09.02).]
\scratchcounter=\count301
\scratchdimen=\dimen174
\scratchbox=\box57
\nofMPsegments=\count302
\nofMParguments=\count303
\everyMPshowfont=\toks26
\MPscratchCnt=\count304
\MPscratchDim=\dimen175
\MPnumerator=\count305
\makeMPintoPDFobject=\count306
\everyMPtoPDFconversion=\toks27
) (/usr/share/texlive/texmf-dist/tex/latex/epstopdf-pkg/epstopdf-base.sty
Package: epstopdf-base 2020-01-24 v2.11 Base part for package epstopdf
Package epstopdf-base Info: Redefining graphics rule for `.eps' on input line 4
85.
(/usr/share/texlive/texmf-dist/tex/latex/latexconfig/epstopdf-sys.cfg
File: epstopdf-sys.cfg 2010/07/13 v1.3 Configuration of (r)epstopdf for TeX Liv
e
))
Package caption Info: Begin \AtBeginDocument code.
Package caption Info: float package is loaded.
Package caption Info: hyperref package is loaded.
Package caption Info: listings package is loaded.
Package caption Info: End \AtBeginDocument code.
Package hyperref Info: Link coloring OFF on input line 44.
(/usr/share/texlive/texmf-dist/tex/latex/hyperref/nameref.sty
Package: nameref 2021-04-02 v2.47 Cross-referencing by name of section
(/usr/share/texlive/texmf-dist/tex/latex/refcount/refcount.sty
Package: refcount 2019/12/15 v3.6 Data extraction from label references (HO)
) (/usr/share/texlive/texmf-dist/tex/generic/gettitlestring/gettitlestring.sty
Package: gettitlestring 2019/12/15 v1.6 Cleanup title references (HO)
)
\c@section@level=\count307
)
LaTeX Info: Redefining \ref on input line 44.
LaTeX Info: Redefining \pageref on input line 44.
LaTeX Info: Redefining \nameref on input line 44.
(./NUR_B_handin.out) (./NUR_B_handin.out)
\@outlinefile=\write3
\openout3 = `NUR_B_handin.out'.

\c@lstlisting=\count308
LaTeX Font Info:    Trying to load font information for U+msa on input line 46.

(/usr/share/texlive/texmf-dist/tex/latex/amsfonts/umsa.fd
File: umsa.fd 2013/01/14 v3.01 AMS symbols A
)
LaTeX Font Info:    Trying to load font information for U+msb on input line 46.

(/usr/share/texlive/texmf-dist/tex/latex/amsfonts/umsb.fd
File: umsb.fd 2013/01/14 v3.01 AMS symbols B
)
<Plots/initial_positions.png, id=53, 867.24pt x 361.35pt>
File: Plots/initial_positions.png Graphic file (type png)
<use Plots/initial_positions.png>
Package pdftex.def Info: Plots/initial_positions.png  used on input line 57.
(pdftex.def)             Requested size: 355.51817pt x 148.1324pt.
[1

{/var/lib/texmf/fonts/map/pdftex/updmap/pdftex.map} <./Plots/initial_positions.
png>]
<Plots/orbits_xy_leapfrog.png, id=71, 433.62pt x 361.35pt>
File: Plots/orbits_xy_leapfrog.png Graphic file (type png)
<use Plots/orbits_xy_leapfrog.png>
Package pdftex.def Info: Plots/orbits_xy_leapfrog.png  used on input line 97.
(pdftex.def)             Requested size: 355.51817pt x 296.28136pt.
<Plots/z_vs_time_leapfrog.png, id=72, 867.24pt x 361.35pt>
File: Plots/z_vs_time_leapfrog.png Graphic file (type png)
<use Plots/z_vs_time_leapfrog.png>
Package pdftex.def Info: Plots/z_vs_time_leapfrog.png  used on input line 107.
(pdftex.def)             Requested size: 355.51817pt x 148.1324pt.
[2 <./Plots/orbits_xy_leapfrog.png>]

LaTeX Warning: Reference `fig:orbits_xy_RK4' on page 3 undefined on input line 
128.


LaTeX Warning: Reference `fig:orbits_xy_RK4_inner' on page 3 undefined on input
 line 133.

! Missing $ inserted.
<inserted text> 
                $
l.140 amplitude of the z_
                         separation oscillation of the terrestrial planets i...
I've inserted a begin-math/end-math symbol since I think
you left one out. Proceed, with fingers crossed.

! Missing $ inserted.
<inserted text> 
                $
l.150 
      
I've inserted a begin-math/end-math symbol since I think
you left one out. Proceed, with fingers crossed.


Overfull \hbox (2711.4749pt too wide) in paragraph at lines 138--150
\OT1/cmr/m/n/10 we see that the am-pli-tude of the z$[]\OML/cmm/m/it/10 eparati
onoscillationoftheterrestrialplanetsincreasesovertime:Hintingatoutwardsmotion:I
n[]\OT1/cmr/m/n/10 9[]\OML/cmm/m/it/10 weplotthedifferenceinradialdistanceofbod
iesofthetrajectoriescomputedbyRK\OT1/cmr/m/n/10 4\OML/cmm/m/it/10 versusleapfro
g:Wenormalizeitbythemaxradiusofthetrajectoriesfoundbyusingleapfrog:Thisgivesusa
bettercomparisonofobjectscloseandfurtherfromthesun; toseewheretheRK\OT1/cmr/m/n
/10 4\OML/cmm/m/it/10 algorithmfailsmore:Weseethatfortheterrestrialplanetsthere
isacleartrendthatthebodiesaremovingoutwards:Forthegasplanets; thereisasuprising
amountofdeviationaswell; butitseemstooscillatearound\OT1/cmr/m/n/10 0\OML/cmm/m
/it/10 :Hencethereisnosubstantialamountofenergyaddedforthesebodiesfurtherout:We
havecheckedthatdecreasingthestep \OMS/cmsy/m/n/10 ^^@
 []

<Plots/orbits_xy_RK4.png, id=84, 433.62pt x 361.35pt>
File: Plots/orbits_xy_RK4.png Graphic file (type png)
<use Plots/orbits_xy_RK4.png>
Package pdftex.def Info: Plots/orbits_xy_RK4.png  used on input line 153.
(pdftex.def)             Requested size: 334.60422pt x 278.85239pt.
! Missing $ inserted.
<inserted text> 
                $
l.156 \caption{fig:orbits_xy_RK4}
                                 
I've inserted a begin-math/end-math symbol since I think
you left one out. Proceed, with fingers crossed.

! Missing $ inserted.
<inserted text> 
                $
l.156 \caption{fig:orbits_xy_RK4}
                                 
I've inserted a begin-math/end-math symbol since I think
you left one out. Proceed, with fingers crossed.

! Missing $ inserted.
<inserted text> 
                $
l.156 \caption{fig:orbits_xy_RK4}
                                 
I've inserted a begin-math/end-math symbol since I think
you left one out. Proceed, with fingers crossed.

! Missing $ inserted.
<inserted text> 
                $
l.156 \caption{fig:orbits_xy_RK4}
                                 
I've inserted a begin-math/end-math symbol since I think
you left one out. Proceed, with fingers crossed.

[3 <./Plots/z_vs_time_leapfrog.png>]
<Plots/orbits_xy_RK4_inner.png, id=96, 433.62pt x 361.35pt>
File: Plots/orbits_xy_RK4_inner.png Graphic file (type png)
<use Plots/orbits_xy_RK4_inner.png>
Package pdftex.def Info: Plots/orbits_xy_RK4_inner.png  used on input line 161.

(pdftex.def)             Requested size: 334.60422pt x 278.85239pt.
! Missing $ inserted.
<inserted text> 
                $
l.164 \caption{fig:orbits_xy_RK4_inner}
                                       
I've inserted a begin-math/end-math symbol since I think
you left one out. Proceed, with fingers crossed.

! Missing $ inserted.
<inserted text> 
                $
l.164 \caption{fig:orbits_xy_RK4_inner}
                                       
I've inserted a begin-math/end-math symbol since I think
you left one out. Proceed, with fingers crossed.

! Missing $ inserted.
<inserted text> 
                $
l.164 \caption{fig:orbits_xy_RK4_inner}
                                       
I've inserted a begin-math/end-math symbol since I think
you left one out. Proceed, with fingers crossed.

! Missing $ inserted.
<inserted text> 
                $
l.164 \caption{fig:orbits_xy_RK4_inner}
                                       
I've inserted a begin-math/end-math symbol since I think
you left one out. Proceed, with fingers crossed.

[4 <./Plots/orbits_xy_RK4.png>]
<Plots/z_vs_time_RK4.png, id=103, 867.24pt x 361.35pt>
File: Plots/z_vs_time_RK4.png Graphic file (type png)
<use Plots/z_vs_time_RK4.png>
Package pdftex.def Info: Plots/z_vs_time_RK4.png  used on input line 169.
(pdftex.def)             Requested size: 334.60422pt x 139.42067pt.
<Plots/r_difference_RK4_minus_leapfrog.png, id=104, 867.24pt x 361.35pt>
File: Plots/r_difference_RK4_minus_leapfrog.png Graphic file (type png)
<use Plots/r_difference_RK4_minus_leapfrog.png>
Package pdftex.def Info: Plots/r_difference_RK4_minus_leapfrog.png  used on inp
ut line 177.
(pdftex.def)             Requested size: 334.60422pt x 139.42067pt.
[5 <./Plots/orbits_xy_RK4_inner.png> <./Plots/z_vs_time_RK4.png>]
! Missing $ inserted.
<inserted text> 
                $
l.209 the index of the current node, the box_
                                             size of the current node, depth...
I've inserted a begin-math/end-math symbol since I think
you left one out. Proceed, with fingers crossed.

! Missing $ inserted.
<inserted text> 
                $
l.218 
      
I've inserted a begin-math/end-math symbol since I think
you left one out. Proceed, with fingers crossed.


Overfull \hbox (261.046pt too wide) in paragraph at lines 207--218
\OT1/cmr/m/n/10 the cur-rent node, the box$[]\OML/cmm/m/it/10 izeofthecurrentno
de; depthofthecurrentnode; andthedesiredmaxdepthofthetree:Thebuildfunctionessen
tiallydoesthefollowing \OT1/cmr/m/n/10 :
 []


Overfull \hbox (2065.69115pt too wide) in paragraph at lines 207--218
\OML/cmm/m/it/10 ItcheckswhetherthecurrentNodecontainsanyparticlesorwhetherthem
axdesireddepthofthetreeisreached:Ifthatisthecase; thenitreturnsthecurrentNodewi
thoutsplittingitupintoanychildren:Ifneitherconditionismet; thebuildfunctionspli
tsupthecurrentnodeinto\OT1/cmr/m/n/10 8\OML/cmm/m/it/10 childrenandthencallsthe
buildfunctiononeachchildbeforereturningthecurrentNode:Notethatitisimportantthat
wepassthebox[]izeofthecurrentnodetocalculatethecenter[]ositionsofthechildnodes:
Sowecanconstructourtreebycreatingarootnodewiththebuildfunctiononallourparticles
andpassadesireddepth:$ 
 []

! Missing $ inserted.
<inserted text> 
                $
l.221 ...h pixel in the mass map, we call the get_
                                                  node_at_level function.
I've inserted a begin-math/end-math symbol since I think
you left one out. Proceed, with fingers crossed.

! Missing $ inserted.
<inserted text> 
                $
l.227 
      
I've inserted a begin-math/end-math symbol since I think
you left one out. Proceed, with fingers crossed.


Overfull \hbox (1271.21707pt too wide) in paragraph at lines 219--227
\OT1/cmr/m/n/10 the mass map, we call the get$[]\OML/cmm/m/it/10 ode[]t[]evelfu
nction:Thisfunctiontraversestheoctreeandreturnsthenodeatagivenlevelandindex:The
massmapvalueisthengivenbythetotalmassinthenode:Traversingtheoctreecanbedoneeffi
cientlysincetheindexofthenodehasaneatmappingtoallthesplitsofparentnodesnecessar
ytogettothedesiredchild:Seethecommentsprovidedintheget[]ode[]t[]evelfunction:$ 

 []

[6 <./Plots/r_difference_RK4_minus_leapfrog.png>]

LaTeX Warning: Reference `Fig: massmap level 3, Fig: massmap level 5, Fig: mass
map level 7' on page 7 undefined on input line 229.

<Plots/fig2a_level3.png, id=118, 722.7pt x 578.16pt>
File: Plots/fig2a_level3.png Graphic file (type png)
<use Plots/fig2a_level3.png>
Package pdftex.def Info: Plots/fig2a_level3.png  used on input line 233.
(pdftex.def)             Requested size: 334.60422pt x 267.68593pt.
<Plots/fig2a_level5.png, id=119, 722.7pt x 578.16pt>
File: Plots/fig2a_level5.png Graphic file (type png)
<use Plots/fig2a_level5.png>
Package pdftex.def Info: Plots/fig2a_level5.png  used on input line 240.
(pdftex.def)             Requested size: 334.60422pt x 267.68593pt.
[7 <./Plots/fig2a_level3.png>]
<Plots/fig2a_level7.png, id=127, 722.7pt x 578.16pt>
File: Plots/fig2a_level7.png Graphic file (type png)
<use Plots/fig2a_level7.png>
Package pdftex.def Info: Plots/fig2a_level7.png  used on input line 247.
(pdftex.def)             Requested size: 334.60422pt x 267.68593pt.
[8 <./Plots/fig2a_level5.png>] [9 <./Plots/fig2a_level7.png>]
<Plots/fig2b.png, id=144, 722.7pt x 578.16pt>
File: Plots/fig2b.png Graphic file (type png)
<use Plots/fig2b.png>
Package pdftex.def Info: Plots/fig2b.png  used on input line 302.
(pdftex.def)             Requested size: 334.60422pt x 267.68593pt.
[10 <./Plots/fig2b.png>]
<Plots/fig3a_old.png, id=153, 722.7pt x 578.16pt>
File: Plots/fig3a_old.png Graphic file (type png)
<use Plots/fig3a_old.png>
Package pdftex.def Info: Plots/fig3a_old.png  used on input line 346.
(pdftex.def)             Requested size: 334.60422pt x 267.68593pt.
<Plots/fig3a.png, id=154, 722.7pt x 578.16pt>
File: Plots/fig3a.png Graphic file (type png)
<use Plots/fig3a.png>
Package pdftex.def Info: Plots/fig3a.png  used on input line 353.
(pdftex.def)             Requested size: 334.60422pt x 267.68593pt.
[11] [12 <./Plots/fig3a_old.png>]
Package hyperref Info: bookmark level for unknown lstlisting defaults to 0 on i
nput line 366.
(./Plots/galaxy_data_scaled.txt) [13 <./Plots/fig3a.png>]
<Plots/fig3b.png, id=189, 722.7pt x 361.35pt>
File: Plots/fig3b.png Graphic file (type png)
<use Plots/fig3b.png>
Package pdftex.def Info: Plots/fig3b.png  used on input line 425.
(pdftex.def)             Requested size: 334.60422pt x 167.30371pt.
[14] (/usr/share/texlive/texmf-dist/tex/latex/listings/lstlang1.sty
File: lstlang1.sty 2020/03/24 1.8d listings language file
) (./Plots/logistic_regression_metrics.txt) [15 <./Plots/fig3b.png>]
<Plots/fig3c.png, id=207, 722.7pt x 1084.05pt>
File: Plots/fig3c.png Graphic file (type png)
<use Plots/fig3c.png>
Package pdftex.def Info: Plots/fig3c.png  used on input line 470.
(pdftex.def)             Requested size: 334.60422pt x 501.91115pt.
[16] [17 <./Plots/fig3c.png>] (./NUR_B_handin.aux)

LaTeX Warning: There were undefined references.

Package rerunfilecheck Info: File `NUR_B_handin.out' has not changed.
(rerunfilecheck)             Checksum: E59E2702312F85019AB9C6CAC12FF2E3;1442.
 ) 
Here is how much of TeX's memory you used:
 14904 strings out of 480247
 232463 string characters out of 5896152
 820184 words of memory out of 5000000
 32587 multiletter control sequences out of 15000+600000
 478605 words of font info for 65 fonts, out of 8000000 for 9000
 14 hyphenation exceptions out of 8191
 67i,7n,77p,518b,1373s stack positions out of 5000i,500n,10000p,200000b,80000s
 </home/milan/.texlive2021/texmf-var/fonts/pk/ljfour/jknappen/ec/tcrm1000.600
pk></usr/share/texlive/texmf-dist/fonts/type1/public/amsfonts/cm/cmbx10.pfb></u
sr/share/texlive/texmf-dist/fonts/type1/public/amsfonts/cm/cmbx12.pfb></usr/sha
re/texlive/texmf-dist/fonts/type1/public/amsfonts/cm/cmex10.pfb></usr/share/tex
live/texmf-dist/fonts/type1/public/amsfonts/cm/cmmi10.pfb></usr/share/texlive/t
exmf-dist/fonts/type1/public/amsfonts/cm/cmmi7.pfb></usr/share/texlive/texmf-di
st/fonts/type1/public/amsfonts/cm/cmr10.pfb></usr/share/texlive/texmf-dist/font
s/type1/public/amsfonts/cm/cmr12.pfb></usr/share/texlive/texmf-dist/fonts/type1
/public/amsfonts/cm/cmr17.pfb></usr/share/texlive/texmf-dist/fonts/type1/public
/amsfonts/cm/cmr5.pfb></usr/share/texlive/texmf-dist/fonts/type1/public/amsfont
s/cm/cmr7.pfb></usr/share/texlive/texmf-dist/fonts/type1/public/amsfonts/cm/cms
y10.pfb></usr/share/texlive/texmf-dist/fonts/type1/public/amsfonts/cm/cmti10.pf
b></usr/share/texlive/texmf-dist/fonts/type1/public/amsfonts/cm/cmtt8.pfb></usr
/share/texlive/texmf-dist/fonts/type1/public/amsfonts/cm/cmtt9.pfb>
Output written on NUR_B_handin.pdf (17 pages, 5381596 bytes).
PDF statistics:
 298 PDF objects out of 1000 (max. 8388607)
 217 compressed objects within 3 object streams
 63 named destinations out of 1000 (max. 500000)
 172 words of extra memory for PDF output out of 10000 (max. 10000000)

